<?xml version="1.0" encoding="UTF-8"?>
<!-- Generated by org.testng.reporters.JUnitReportReporter -->
<testsuite hostname="D-AbuHadwan" failures="0" tests="1" name="TestCases.TestItem" time="14.034" errors="1" timestamp="2025-10-01T16:30:08 EEST" skipped="0">
  <testcase classname="TestCases.TestItem" name="testA" time="14.034">
    <error message="element click intercepted: Element &lt;a class=&quot;x-tab BTabBtn x-unselectable x-box-item x-ltr x-tab-default x-top x-tab-top x-tab-default-top&quot; style=&quot;background-color: transparent; border: none; box-shadow: none; height: 28px; right: auto; left: 157px; top: 0px; margin: 0px;&quot; hidefocus=&quot;on&quot; unselectable=&quot;on&quot; role=&quot;tab&quot; aria-hidden=&quot;false&quot; aria-disabled=&quot;false&quot; aria-selected=&quot;false&quot; id=&quot;tab-1597&quot; tabindex=&quot;-1&quot; data-componentid=&quot;tab-1597&quot; name=&quot;CONTAINER_itemPrice&quot;&gt;...&lt;/a&gt; is not clickable at point (278, 210). Other element would receive the click: &lt;div role=&quot;presentation&quot; class=&quot;x-mask x-border-box&quot; style=&quot;height: 893px; width: 1920px; z-index: 18996; right: auto; left: 0px; top: 0px;&quot; id=&quot;ext-element-58&quot;&gt;&lt;/div&gt;
  (Session info: chrome=141.0.7390.55)
Build info: version: &#039;4.23.0&#039;, revision: &#039;4df0a231af&#039;
System info: os.name: &#039;Windows 11&#039;, os.arch: &#039;amd64&#039;, os.version: &#039;10.0&#039;, java.version: &#039;17.0.10&#039;
Driver info: org.openqa.selenium.chrome.ChromeDriver
Command: [c43d1b7a4416fc12fab85489e62f71aa, clickElement {id=f.2842F25AA1C408174CCD4BC60747A496.d.7BCB559760D26BAA16E67AF3273B1F3F.e.229}]
Capabilities {acceptInsecureCerts: false, browserName: chrome, browserVersion: 141.0.7390.55, chrome: {chromedriverVersion: 141.0.7390.54 (b95610d5c4a5..., userDataDir: C:\Users\DEDA2~1.ABU\AppDat...}, fedcm:accounts: true, goog:chromeOptions: {debuggerAddress: localhost:55712}, networkConnectionEnabled: false, pageLoadStrategy: normal, platformName: windows, proxy: Proxy(), se:cdp: ws://localhost:55712/devtoo..., se:cdpVersion: 141.0.7390.55, setWindowRect: true, strictFileInteractability: false, timeouts: {implicit: 0, pageLoad: 300000, script: 30000}, unhandledPromptBehavior: dismiss and notify, webauthn:extension:credBlob: true, webauthn:extension:largeBlob: true, webauthn:extension:minPinLength: true, webauthn:extension:prf: true, webauthn:virtualAuthenticators: true}
Element: [[ChromeDriver: chrome on windows (c43d1b7a4416fc12fab85489e62f71aa)] -&gt; name: CONTAINER_itemPrice]
Session ID: c43d1b7a4416fc12fab85489e62f71aa" type="org.openqa.selenium.ElementClickInterceptedException">
      <![CDATA[org.openqa.selenium.ElementClickInterceptedException: element click intercepted: Element <a class="x-tab BTabBtn x-unselectable x-box-item x-ltr x-tab-default x-top x-tab-top x-tab-default-top" style="background-color: transparent; border: none; box-shadow: none; height: 28px; right: auto; left: 157px; top: 0px; margin: 0px;" hidefocus="on" unselectable="on" role="tab" aria-hidden="false" aria-disabled="false" aria-selected="false" id="tab-1597" tabindex="-1" data-componentid="tab-1597" name="CONTAINER_itemPrice">...</a> is not clickable at point (278, 210). Other element would receive the click: <div role="presentation" class="x-mask x-border-box" style="height: 893px; width: 1920px; z-index: 18996; right: auto; left: 0px; top: 0px;" id="ext-element-58"></div>
  (Session info: chrome=141.0.7390.55)
Build info: version: '4.23.0', revision: '4df0a231af'
System info: os.name: 'Windows 11', os.arch: 'amd64', os.version: '10.0', java.version: '17.0.10'
Driver info: org.openqa.selenium.chrome.ChromeDriver
Command: [c43d1b7a4416fc12fab85489e62f71aa, clickElement {id=f.2842F25AA1C408174CCD4BC60747A496.d.7BCB559760D26BAA16E67AF3273B1F3F.e.229}]
Capabilities {acceptInsecureCerts: false, browserName: chrome, browserVersion: 141.0.7390.55, chrome: {chromedriverVersion: 141.0.7390.54 (b95610d5c4a5..., userDataDir: C:\Users\DEDA2~1.ABU\AppDat...}, fedcm:accounts: true, goog:chromeOptions: {debuggerAddress: localhost:55712}, networkConnectionEnabled: false, pageLoadStrategy: normal, platformName: windows, proxy: Proxy(), se:cdp: ws://localhost:55712/devtoo..., se:cdpVersion: 141.0.7390.55, setWindowRect: true, strictFileInteractability: false, timeouts: {implicit: 0, pageLoad: 300000, script: 30000}, unhandledPromptBehavior: dismiss and notify, webauthn:extension:credBlob: true, webauthn:extension:largeBlob: true, webauthn:extension:minPinLength: true, webauthn:extension:prf: true, webauthn:virtualAuthenticators: true}
Element: [[ChromeDriver: chrome on windows (c43d1b7a4416fc12fab85489e62f71aa)] -> name: CONTAINER_itemPrice]
Session ID: c43d1b7a4416fc12fab85489e62f71aa
at java.base/jdk.internal.reflect.NativeConstructorAccessorImpl.newInstance0(Native Method)
at java.base/jdk.internal.reflect.NativeConstructorAccessorImpl.newInstance(NativeConstructorAccessorImpl.java:77)
at java.base/jdk.internal.reflect.DelegatingConstructorAccessorImpl.newInstance(DelegatingConstructorAccessorImpl.java:45)
at java.base/java.lang.reflect.Constructor.newInstanceWithCaller(Constructor.java:499)
at java.base/java.lang.reflect.Constructor.newInstance(Constructor.java:480)
at org.openqa.selenium.remote.ErrorCodec.decode(ErrorCodec.java:167)
at org.openqa.selenium.remote.codec.w3c.W3CHttpResponseCodec.decode(W3CHttpResponseCodec.java:138)
at org.openqa.selenium.remote.codec.w3c.W3CHttpResponseCodec.decode(W3CHttpResponseCodec.java:50)
at org.openqa.selenium.remote.HttpCommandExecutor.execute(HttpCommandExecutor.java:190)
at org.openqa.selenium.remote.service.DriverCommandExecutor.invokeExecute(DriverCommandExecutor.java:216)
at org.openqa.selenium.remote.service.DriverCommandExecutor.execute(DriverCommandExecutor.java:174)
at org.openqa.selenium.remote.RemoteWebDriver.execute(RemoteWebDriver.java:527)
at org.openqa.selenium.remote.RemoteWebElement.execute(RemoteWebElement.java:223)
at org.openqa.selenium.remote.RemoteWebElement.click(RemoteWebElement.java:76)
at Classes.DriverMethods.click(DriverMethods.java:41)
at Item.ItemPriceTab.fillTab(ItemPriceTab.java:21)
at TestCases.TestItem.testA(TestItem.java:53)
at java.base/jdk.internal.reflect.NativeMethodAccessorImpl.invoke0(Native Method)
at java.base/jdk.internal.reflect.NativeMethodAccessorImpl.invoke(NativeMethodAccessorImpl.java:77)
at java.base/jdk.internal.reflect.DelegatingMethodAccessorImpl.invoke(DelegatingMethodAccessorImpl.java:43)
at java.base/java.lang.reflect.Method.invoke(Method.java:568)
at org.testng.internal.invokers.MethodInvocationHelper.invokeMethod(MethodInvocationHelper.java:141)
at org.testng.internal.invokers.TestInvoker.invokeMethod(TestInvoker.java:686)
at org.testng.internal.invokers.TestInvoker.invokeTestMethod(TestInvoker.java:230)
at org.testng.internal.invokers.MethodRunner.runInSequence(MethodRunner.java:63)
at org.testng.internal.invokers.TestInvoker$MethodInvocationAgent.invoke(TestInvoker.java:992)
at org.testng.internal.invokers.TestInvoker.invokeTestMethods(TestInvoker.java:203)
at org.testng.internal.invokers.TestMethodWorker.invokeTestMethods(TestMethodWorker.java:154)
at org.testng.internal.invokers.TestMethodWorker.run(TestMethodWorker.java:134)
at java.base/java.util.ArrayList.forEach(ArrayList.java:1511)
at org.testng.TestRunner.privateRun(TestRunner.java:739)
at org.testng.TestRunner.run(TestRunner.java:614)
at org.testng.SuiteRunner.runTest(SuiteRunner.java:421)
at org.testng.SuiteRunner.runSequentially(SuiteRunner.java:413)
at org.testng.SuiteRunner.privateRun(SuiteRunner.java:373)
at org.testng.SuiteRunner.run(SuiteRunner.java:312)
at org.testng.SuiteRunnerWorker.runSuite(SuiteRunnerWorker.java:52)
at org.testng.SuiteRunnerWorker.run(SuiteRunnerWorker.java:95)
at org.testng.TestNG.runSuitesSequentially(TestNG.java:1274)
at org.testng.TestNG.runSuitesLocally(TestNG.java:1208)
at org.testng.TestNG.runSuites(TestNG.java:1112)
at org.testng.TestNG.run(TestNG.java:1079)
at org.testng.remote.AbstractRemoteTestNG.run(AbstractRemoteTestNG.java:115)
at org.testng.remote.RemoteTestNG.initAndRun(RemoteTestNG.java:293)
at org.testng.remote.RemoteTestNG.main(RemoteTestNG.java:91)
]]>
    </error>
  </testcase> <!-- testA -->
</testsuite> <!-- TestCases.TestItem -->
